<?xml version="1.0" encoding="UTF-8"?>
<robot generator="Robot 7.3.2 (Python 3.12.3 on linux)" generated="2025-11-15T17:12:39.711361" rpa="false" schemaversion="5">
<suite id="s1" name="Tests" source="/home/hakoanna/ohtu/webcounter/src/tests">
<suite id="s1-s1" name="Increment" source="/home/hakoanna/ohtu/webcounter/src/tests/increment.robot">
<kw name="Open And Configure Browser" owner="resource" type="SETUP">
<if>
<branch type="IF" condition="$BROWSER == 'chrome'">
<kw name="Evaluate" owner="BuiltIn">
<var>${options}</var>
<arg>sys.modules['selenium.webdriver'].ChromeOptions()</arg>
<arg>sys</arg>
<doc>Evaluates the given expression in Python and returns the result.</doc>
<status status="NOT RUN" start="2025-11-15T17:12:39.869398" elapsed="0.000053"/>
</kw>
<kw name="Call Method" owner="BuiltIn">
<arg>${options}</arg>
<arg>add_argument</arg>
<arg>--incognito</arg>
<doc>Calls the named method of the given object with the provided arguments.</doc>
<status status="NOT RUN" start="2025-11-15T17:12:39.869613" elapsed="0.000044"/>
</kw>
<status status="NOT RUN" start="2025-11-15T17:12:39.868739" elapsed="0.000976"/>
</branch>
<branch type="ELSE IF" condition="$BROWSER == 'firefox'">
<kw name="Evaluate" owner="BuiltIn">
<msg time="2025-11-15T17:12:39.870526" level="INFO">${options} = &lt;selenium.webdriver.firefox.options.Options object at 0x7b0806102930&gt;</msg>
<var>${options}</var>
<arg>sys.modules['selenium.webdriver'].FirefoxOptions()</arg>
<arg>sys</arg>
<doc>Evaluates the given expression in Python and returns the result.</doc>
<status status="PASS" start="2025-11-15T17:12:39.870082" elapsed="0.000576"/>
</kw>
<kw name="Call Method" owner="BuiltIn">
<arg>${options}</arg>
<arg>add_argument</arg>
<arg>--private-window</arg>
<doc>Calls the named method of the given object with the provided arguments.</doc>
<status status="PASS" start="2025-11-15T17:12:39.870851" elapsed="0.000221"/>
</kw>
<status status="PASS" start="2025-11-15T17:12:39.869768" elapsed="0.001365"/>
</branch>
<status status="PASS" start="2025-11-15T17:12:39.868704" elapsed="0.002485"/>
</if>
<if>
<branch type="IF" condition="$HEADLESS == 'true'">
<kw name="Set Selenium Speed" owner="SeleniumLibrary">
<arg>0.05 seconds</arg>
<doc>Sets the delay that is waited after each Selenium command.</doc>
<status status="NOT RUN" start="2025-11-15T17:12:39.871512" elapsed="0.000033"/>
</kw>
<kw name="Call Method" owner="BuiltIn">
<arg>${options}</arg>
<arg>add_argument</arg>
<arg>--headless</arg>
<doc>Calls the named method of the given object with the provided arguments.</doc>
<status status="NOT RUN" start="2025-11-15T17:12:39.871668" elapsed="0.000030"/>
</kw>
<status status="NOT RUN" start="2025-11-15T17:12:39.871278" elapsed="0.000466"/>
</branch>
<branch type="ELSE">
<kw name="Set Selenium Speed" owner="SeleniumLibrary">
<arg>${DELAY}</arg>
<doc>Sets the delay that is waited after each Selenium command.</doc>
<status status="PASS" start="2025-11-15T17:12:39.871943" elapsed="0.000325"/>
</kw>
<status status="PASS" start="2025-11-15T17:12:39.871807" elapsed="0.000522"/>
</branch>
<status status="PASS" start="2025-11-15T17:12:39.871256" elapsed="0.001118"/>
</if>
<kw name="Open Browser" owner="SeleniumLibrary">
<msg time="2025-11-15T17:12:39.872853" level="INFO">Opening browser 'firefox' to base url 'None'.</msg>
<arg>browser=${BROWSER}</arg>
<arg>options=${options}</arg>
<doc>Opens a new browser instance to the optional ``url``.</doc>
<status status="PASS" start="2025-11-15T17:12:39.872499" elapsed="2.971271"/>
</kw>
<status status="PASS" start="2025-11-15T17:12:39.868424" elapsed="2.975608"/>
</kw>
<test id="s1-s1-t1" name="At start the counter is zero" line="7">
<kw name="Go To" owner="SeleniumLibrary">
<msg time="2025-11-15T17:12:42.845537" level="INFO">Opening url 'http://localhost:5001'</msg>
<arg>${HOME_URL}</arg>
<doc>Navigates the current browser window to the provided ``url``.</doc>
<status status="PASS" start="2025-11-15T17:12:42.844965" elapsed="0.616196"/>
</kw>
<kw name="Title Should Be" owner="SeleniumLibrary">
<msg time="2025-11-15T17:12:43.965668" level="INFO">Page title is 'Laskuri'.</msg>
<arg>Laskuri</arg>
<doc>Verifies that the current page title equals ``title``.</doc>
<status status="PASS" start="2025-11-15T17:12:43.461598" elapsed="0.504421"/>
</kw>
<kw name="Page Should Contain" owner="SeleniumLibrary">
<msg time="2025-11-15T17:12:45.007612" level="INFO">Current page contains text 'nappia painettu 0 kertaa'.</msg>
<arg>nappia painettu 0 kertaa</arg>
<doc>Verifies that current page contains ``text``.</doc>
<status status="PASS" start="2025-11-15T17:12:43.966715" elapsed="1.041154"/>
</kw>
<status status="PASS" start="2025-11-15T17:12:42.844186" elapsed="2.164106"/>
</test>
<test id="s1-s1-t2" name="When button pressed twice the counter is two" line="12">
<kw name="Go To" owner="SeleniumLibrary">
<msg time="2025-11-15T17:12:45.009641" level="INFO">Opening url 'http://localhost:5001'</msg>
<arg>${HOME_URL}</arg>
<doc>Navigates the current browser window to the provided ``url``.</doc>
<status status="PASS" start="2025-11-15T17:12:45.009329" elapsed="0.535763"/>
</kw>
<kw name="Click Button" owner="SeleniumLibrary">
<msg time="2025-11-15T17:12:45.546702" level="INFO">Clicking button 'Paina'.</msg>
<arg>Paina</arg>
<doc>Clicks the button identified by ``locator``.</doc>
<status status="PASS" start="2025-11-15T17:12:45.545810" elapsed="2.097500"/>
</kw>
<kw name="Click Button" owner="SeleniumLibrary">
<msg time="2025-11-15T17:12:47.645596" level="INFO">Clicking button 'Paina'.</msg>
<arg>Paina</arg>
<doc>Clicks the button identified by ``locator``.</doc>
<status status="PASS" start="2025-11-15T17:12:47.644840" elapsed="2.087300"/>
</kw>
<kw name="Page Should Contain" owner="SeleniumLibrary">
<msg time="2025-11-15T17:12:50.746914" level="INFO">Current page contains text 'nappia painettu 2 kertaa'.</msg>
<arg>nappia painettu 2 kertaa</arg>
<doc>Verifies that current page contains ``text``.</doc>
<status status="PASS" start="2025-11-15T17:12:49.732872" elapsed="1.014657"/>
</kw>
<status status="PASS" start="2025-11-15T17:12:45.008723" elapsed="5.740564"/>
</test>
<kw name="Close Browser" owner="SeleniumLibrary" type="TEARDOWN">
<doc>Closes the current browser.</doc>
<status status="PASS" start="2025-11-15T17:12:50.751080" elapsed="1.519835"/>
</kw>
<status status="PASS" start="2025-11-15T17:12:39.737588" elapsed="12.533467"/>
</suite>
<suite id="s1-s2" name="Reset" source="/home/hakoanna/ohtu/webcounter/src/tests/reset.robot">
<kw name="Open And Configure Browser" owner="resource" type="SETUP">
<if>
<branch type="IF" condition="$BROWSER == 'chrome'">
<kw name="Evaluate" owner="BuiltIn">
<var>${options}</var>
<arg>sys.modules['selenium.webdriver'].ChromeOptions()</arg>
<arg>sys</arg>
<doc>Evaluates the given expression in Python and returns the result.</doc>
<status status="NOT RUN" start="2025-11-15T17:12:52.276732" elapsed="0.000212"/>
</kw>
<kw name="Call Method" owner="BuiltIn">
<arg>${options}</arg>
<arg>add_argument</arg>
<arg>--incognito</arg>
<doc>Calls the named method of the given object with the provided arguments.</doc>
<status status="NOT RUN" start="2025-11-15T17:12:52.277206" elapsed="0.000054"/>
</kw>
<status status="NOT RUN" start="2025-11-15T17:12:52.276266" elapsed="0.001085"/>
</branch>
<branch type="ELSE IF" condition="$BROWSER == 'firefox'">
<kw name="Evaluate" owner="BuiltIn">
<msg time="2025-11-15T17:12:52.278147" level="INFO">${options} = &lt;selenium.webdriver.firefox.options.Options object at 0x7b0805e6d310&gt;</msg>
<var>${options}</var>
<arg>sys.modules['selenium.webdriver'].FirefoxOptions()</arg>
<arg>sys</arg>
<doc>Evaluates the given expression in Python and returns the result.</doc>
<status status="PASS" start="2025-11-15T17:12:52.277729" elapsed="0.000466"/>
</kw>
<kw name="Call Method" owner="BuiltIn">
<arg>${options}</arg>
<arg>add_argument</arg>
<arg>--private-window</arg>
<doc>Calls the named method of the given object with the provided arguments.</doc>
<status status="PASS" start="2025-11-15T17:12:52.278342" elapsed="0.000202"/>
</kw>
<status status="PASS" start="2025-11-15T17:12:52.277410" elapsed="0.001195"/>
</branch>
<status status="PASS" start="2025-11-15T17:12:52.276220" elapsed="0.002453"/>
</if>
<if>
<branch type="IF" condition="$HEADLESS == 'true'">
<kw name="Set Selenium Speed" owner="SeleniumLibrary">
<arg>0.05 seconds</arg>
<doc>Sets the delay that is waited after each Selenium command.</doc>
<status status="NOT RUN" start="2025-11-15T17:12:52.279358" elapsed="0.000071"/>
</kw>
<kw name="Call Method" owner="BuiltIn">
<arg>${options}</arg>
<arg>add_argument</arg>
<arg>--headless</arg>
<doc>Calls the named method of the given object with the provided arguments.</doc>
<status status="NOT RUN" start="2025-11-15T17:12:52.279615" elapsed="0.000068"/>
</kw>
<status status="NOT RUN" start="2025-11-15T17:12:52.278853" elapsed="0.000915"/>
</branch>
<branch type="ELSE">
<kw name="Set Selenium Speed" owner="SeleniumLibrary">
<arg>${DELAY}</arg>
<doc>Sets the delay that is waited after each Selenium command.</doc>
<status status="PASS" start="2025-11-15T17:12:52.280049" elapsed="0.000489"/>
</kw>
<status status="PASS" start="2025-11-15T17:12:52.279849" elapsed="0.000779"/>
</branch>
<status status="PASS" start="2025-11-15T17:12:52.278830" elapsed="0.001947"/>
</if>
<kw name="Open Browser" owner="SeleniumLibrary">
<msg time="2025-11-15T17:12:52.281750" level="INFO">Opening browser 'firefox' to base url 'None'.</msg>
<arg>browser=${BROWSER}</arg>
<arg>options=${options}</arg>
<doc>Opens a new browser instance to the optional ``url``.</doc>
<status status="PASS" start="2025-11-15T17:12:52.281027" elapsed="2.898336"/>
</kw>
<status status="PASS" start="2025-11-15T17:12:52.275928" elapsed="2.903702"/>
</kw>
<test id="s1-s2-t1" name="When counter has a nonzero value and it is reset the value becomes zero" line="7">
<kw name="Go To" owner="SeleniumLibrary">
<msg time="2025-11-15T17:12:55.181028" level="INFO">Opening url 'http://localhost:5001'</msg>
<arg>${HOME_URL}</arg>
<doc>Navigates the current browser window to the provided ``url``.</doc>
<status status="PASS" start="2025-11-15T17:12:55.180683" elapsed="0.610187"/>
</kw>
<kw name="Click Button" owner="SeleniumLibrary">
<msg time="2025-11-15T17:12:55.791698" level="INFO">Clicking button 'Paina'.</msg>
<arg>Paina</arg>
<doc>Clicks the button identified by ``locator``.</doc>
<status status="PASS" start="2025-11-15T17:12:55.791294" elapsed="2.119982"/>
</kw>
<kw name="Click Button" owner="SeleniumLibrary">
<msg time="2025-11-15T17:12:57.912702" level="INFO">Clicking button 'Paina'.</msg>
<arg>Paina</arg>
<doc>Clicks the button identified by ``locator``.</doc>
<status status="PASS" start="2025-11-15T17:12:57.912030" elapsed="2.101577"/>
</kw>
<kw name="Click Button" owner="SeleniumLibrary">
<msg time="2025-11-15T17:13:00.014860" level="INFO">Clicking button 'Paina'.</msg>
<arg>Paina</arg>
<doc>Clicks the button identified by ``locator``.</doc>
<status status="PASS" start="2025-11-15T17:13:00.014272" elapsed="2.084899"/>
</kw>
<kw name="Click Button" owner="SeleniumLibrary">
<msg time="2025-11-15T17:13:02.100706" level="INFO">Clicking button 'Nollaa'.</msg>
<arg>Nollaa</arg>
<doc>Clicks the button identified by ``locator``.</doc>
<status status="PASS" start="2025-11-15T17:13:02.100087" elapsed="2.084541"/>
</kw>
<kw name="Page Should Contain" owner="SeleniumLibrary">
<msg time="2025-11-15T17:13:05.202870" level="INFO">Current page contains text 'nappia painettu 0 kertaa'.</msg>
<arg>nappia painettu 0 kertaa</arg>
<doc>Verifies that current page contains ``text``.</doc>
<status status="PASS" start="2025-11-15T17:13:04.185371" elapsed="1.017862"/>
</kw>
<status status="PASS" start="2025-11-15T17:12:55.179818" elapsed="10.024207"/>
</test>
<kw name="Close Browser" owner="SeleniumLibrary" type="TEARDOWN">
<doc>Closes the current browser.</doc>
<status status="PASS" start="2025-11-15T17:13:05.205369" elapsed="1.468921"/>
</kw>
<status status="PASS" start="2025-11-15T17:12:52.272002" elapsed="14.402619"/>
</suite>
<suite id="s1-s3" name="Set Value" source="/home/hakoanna/ohtu/webcounter/src/tests/set_value.robot">
<kw name="Open And Configure Browser" owner="resource" type="SETUP">
<if>
<branch type="IF" condition="$BROWSER == 'chrome'">
<kw name="Evaluate" owner="BuiltIn">
<var>${options}</var>
<arg>sys.modules['selenium.webdriver'].ChromeOptions()</arg>
<arg>sys</arg>
<doc>Evaluates the given expression in Python and returns the result.</doc>
<status status="NOT RUN" start="2025-11-15T17:13:06.682996" elapsed="0.000122"/>
</kw>
<kw name="Call Method" owner="BuiltIn">
<arg>${options}</arg>
<arg>add_argument</arg>
<arg>--incognito</arg>
<doc>Calls the named method of the given object with the provided arguments.</doc>
<status status="NOT RUN" start="2025-11-15T17:13:06.683725" elapsed="0.000117"/>
</kw>
<status status="NOT RUN" start="2025-11-15T17:13:06.682289" elapsed="0.001669"/>
</branch>
<branch type="ELSE IF" condition="$BROWSER == 'firefox'">
<kw name="Evaluate" owner="BuiltIn">
<msg time="2025-11-15T17:13:06.685282" level="INFO">${options} = &lt;selenium.webdriver.firefox.options.Options object at 0x7b0805e6e8d0&gt;</msg>
<var>${options}</var>
<arg>sys.modules['selenium.webdriver'].FirefoxOptions()</arg>
<arg>sys</arg>
<doc>Evaluates the given expression in Python and returns the result.</doc>
<status status="PASS" start="2025-11-15T17:13:06.684549" elapsed="0.000817"/>
</kw>
<kw name="Call Method" owner="BuiltIn">
<arg>${options}</arg>
<arg>add_argument</arg>
<arg>--private-window</arg>
<doc>Calls the named method of the given object with the provided arguments.</doc>
<status status="PASS" start="2025-11-15T17:13:06.685627" elapsed="0.000391"/>
</kw>
<status status="PASS" start="2025-11-15T17:13:06.684062" elapsed="0.002052"/>
</branch>
<status status="PASS" start="2025-11-15T17:13:06.682223" elapsed="0.003972"/>
</if>
<if>
<branch type="IF" condition="$HEADLESS == 'true'">
<kw name="Set Selenium Speed" owner="SeleniumLibrary">
<arg>0.05 seconds</arg>
<doc>Sets the delay that is waited after each Selenium command.</doc>
<status status="NOT RUN" start="2025-11-15T17:13:06.686756" elapsed="0.000058"/>
</kw>
<kw name="Call Method" owner="BuiltIn">
<arg>${options}</arg>
<arg>add_argument</arg>
<arg>--headless</arg>
<doc>Calls the named method of the given object with the provided arguments.</doc>
<status status="NOT RUN" start="2025-11-15T17:13:06.686994" elapsed="0.000057"/>
</kw>
<status status="NOT RUN" start="2025-11-15T17:13:06.686348" elapsed="0.000778"/>
</branch>
<branch type="ELSE">
<kw name="Set Selenium Speed" owner="SeleniumLibrary">
<arg>${DELAY}</arg>
<doc>Sets the delay that is waited after each Selenium command.</doc>
<status status="PASS" start="2025-11-15T17:13:06.687386" elapsed="0.000540"/>
</kw>
<status status="PASS" start="2025-11-15T17:13:06.687197" elapsed="0.000824"/>
</branch>
<status status="PASS" start="2025-11-15T17:13:06.686311" elapsed="0.001784"/>
</if>
<kw name="Open Browser" owner="SeleniumLibrary">
<msg time="2025-11-15T17:13:06.688829" level="INFO">Opening browser 'firefox' to base url 'None'.</msg>
<arg>browser=${BROWSER}</arg>
<arg>options=${options}</arg>
<doc>Opens a new browser instance to the optional ``url``.</doc>
<status status="PASS" start="2025-11-15T17:13:06.688311" elapsed="2.906513"/>
</kw>
<status status="PASS" start="2025-11-15T17:13:06.681803" elapsed="2.913317"/>
</kw>
<test id="s1-s3-t1" name="When value given the counter understands it" line="7">
<kw name="Go To" owner="SeleniumLibrary">
<msg time="2025-11-15T17:13:09.596837" level="INFO">Opening url 'http://localhost:5001'</msg>
<arg>${HOME_URL}</arg>
<doc>Navigates the current browser window to the provided ``url``.</doc>
<status status="PASS" start="2025-11-15T17:13:09.596237" elapsed="0.644393"/>
</kw>
<kw name="Input Text" owner="SeleniumLibrary">
<msg time="2025-11-15T17:13:10.241685" level="INFO">Typing text '5' into text field 'value'.</msg>
<arg>value</arg>
<arg>5</arg>
<doc>Types the given ``text`` into the text field identified by ``locator``.</doc>
<status status="PASS" start="2025-11-15T17:13:10.241142" elapsed="1.630190"/>
</kw>
<kw name="Click Button" owner="SeleniumLibrary">
<msg time="2025-11-15T17:13:11.873437" level="INFO">Clicking button 'Aseta'.</msg>
<arg>Aseta</arg>
<doc>Clicks the button identified by ``locator``.</doc>
<status status="PASS" start="2025-11-15T17:13:11.872602" elapsed="1.581436"/>
</kw>
<kw name="Page Should Contain" owner="SeleniumLibrary">
<msg time="2025-11-15T17:13:14.471478" level="INFO">Current page contains text 'nappia painettu 5 kertaa'.</msg>
<arg>nappia painettu 5 kertaa</arg>
<doc>Verifies that current page contains ``text``.</doc>
<status status="PASS" start="2025-11-15T17:13:13.455202" elapsed="1.017268"/>
</kw>
<status status="PASS" start="2025-11-15T17:13:09.595330" elapsed="4.878083"/>
</test>
<kw name="Close Browser" owner="SeleniumLibrary" type="TEARDOWN">
<doc>Closes the current browser.</doc>
<status status="PASS" start="2025-11-15T17:13:14.474669" elapsed="1.471364"/>
</kw>
<status status="PASS" start="2025-11-15T17:13:06.676138" elapsed="9.270161"/>
</suite>
<status status="PASS" start="2025-11-15T17:12:39.712479" elapsed="36.235491"/>
</suite>
<statistics>
<total>
<stat pass="4" fail="0" skip="0">All Tests</stat>
</total>
<tag>
</tag>
<suite>
<stat name="Tests" id="s1" pass="4" fail="0" skip="0">Tests</stat>
<stat name="Increment" id="s1-s1" pass="2" fail="0" skip="0">Tests.Increment</stat>
<stat name="Reset" id="s1-s2" pass="1" fail="0" skip="0">Tests.Reset</stat>
<stat name="Set Value" id="s1-s3" pass="1" fail="0" skip="0">Tests.Set Value</stat>
</suite>
</statistics>
<errors>
</errors>
</robot>
